{"/Users/mac/Documents/assessment/equalx/src/App.tsx": {"path":"/Users/mac/Documents/assessment/equalx/src/App.tsx","all":false,"statementMap":{"0":{"start":{"line":1,"column":0},"end":{"line":1,"column":18}},"1":{"start":{"line":2,"column":0},"end":{"line":2,"column":0}},"2":{"start":{"line":3,"column":0},"end":{"line":3,"column":40}},"3":{"start":{"line":4,"column":0},"end":{"line":4,"column":49}},"4":{"start":{"line":5,"column":0},"end":{"line":5,"column":44}},"5":{"start":{"line":6,"column":0},"end":{"line":6,"column":0}},"6":{"start":{"line":7,"column":0},"end":{"line":7,"column":45}},"7":{"start":{"line":8,"column":0},"end":{"line":8,"column":35}},"8":{"start":{"line":9,"column":0},"end":{"line":9,"column":0}},"9":{"start":{"line":10,"column":0},"end":{"line":10,"column":16}},"10":{"start":{"line":11,"column":0},"end":{"line":11,"column":0}},"11":{"start":{"line":12,"column":0},"end":{"line":12,"column":10}},"12":{"start":{"line":13,"column":0},"end":{"line":13,"column":38}},"13":{"start":{"line":14,"column":0},"end":{"line":14,"column":15}},"14":{"start":{"line":15,"column":0},"end":{"line":15,"column":53}},"15":{"start":{"line":16,"column":0},"end":{"line":16,"column":65}},"16":{"start":{"line":17,"column":0},"end":{"line":17,"column":12}},"17":{"start":{"line":18,"column":0},"end":{"line":18,"column":52}},"18":{"start":{"line":19,"column":0},"end":{"line":19,"column":73}},"19":{"start":{"line":20,"column":0},"end":{"line":20,"column":12}},"20":{"start":{"line":21,"column":0},"end":{"line":21,"column":16}},"21":{"start":{"line":22,"column":0},"end":{"line":22,"column":23}},"22":{"start":{"line":23,"column":0},"end":{"line":23,"column":4}},"23":{"start":{"line":24,"column":0},"end":{"line":24,"column":25}},"24":{"start":{"line":25,"column":0},"end":{"line":25,"column":1}},"25":{"start":{"line":26,"column":0},"end":{"line":26,"column":0}},"26":{"start":{"line":27,"column":0},"end":{"line":27,"column":18}}},"s":{"0":1,"1":1,"2":1,"3":1,"4":1,"5":1,"6":1,"7":1,"8":1,"9":2,"10":2,"11":2,"12":2,"13":2,"14":2,"15":2,"16":2,"17":2,"18":2,"19":2,"20":2,"21":2,"22":2,"23":2,"24":2,"25":1,"26":1},"branchMap":{"0":{"type":"branch","line":10,"loc":{"start":{"line":10,"column":0},"end":{"line":25,"column":1}},"locations":[{"start":{"line":10,"column":0},"end":{"line":25,"column":1}}]}},"b":{"0":[2]},"fnMap":{"0":{"name":"App","decl":{"start":{"line":10,"column":0},"end":{"line":25,"column":1}},"loc":{"start":{"line":10,"column":0},"end":{"line":25,"column":1}},"line":10}},"f":{"0":2}}
,"/Users/mac/Documents/assessment/equalx/src/components/index.tsx": {"path":"/Users/mac/Documents/assessment/equalx/src/components/index.tsx","all":false,"statementMap":{"0":{"start":{"line":1,"column":0},"end":{"line":1,"column":57}},"1":{"start":{"line":2,"column":0},"end":{"line":2,"column":33}},"2":{"start":{"line":3,"column":0},"end":{"line":3,"column":29}},"3":{"start":{"line":4,"column":0},"end":{"line":4,"column":29}}},"s":{"0":1,"1":1,"2":1,"3":1},"branchMap":{},"b":{},"fnMap":{},"f":{}}
,"/Users/mac/Documents/assessment/equalx/src/components/CalcButton/CalcButton.styles.tsx": {"path":"/Users/mac/Documents/assessment/equalx/src/components/CalcButton/CalcButton.styles.tsx","all":false,"statementMap":{"0":{"start":{"line":1,"column":0},"end":{"line":1,"column":47}},"1":{"start":{"line":2,"column":0},"end":{"line":2,"column":43}},"2":{"start":{"line":3,"column":0},"end":{"line":3,"column":0}},"3":{"start":{"line":4,"column":0},"end":{"line":4,"column":60}},"4":{"start":{"line":5,"column":0},"end":{"line":5,"column":21}},"5":{"start":{"line":6,"column":0},"end":{"line":6,"column":20}},"6":{"start":{"line":7,"column":0},"end":{"line":7,"column":23}},"7":{"start":{"line":8,"column":0},"end":{"line":8,"column":113}},"8":{"start":{"line":9,"column":0},"end":{"line":9,"column":16}},"9":{"start":{"line":10,"column":0},"end":{"line":10,"column":71}},"10":{"start":{"line":11,"column":0},"end":{"line":11,"column":23}},"11":{"start":{"line":12,"column":0},"end":{"line":12,"column":18}},"12":{"start":{"line":13,"column":0},"end":{"line":13,"column":28}},"13":{"start":{"line":14,"column":0},"end":{"line":14,"column":24}},"14":{"start":{"line":15,"column":0},"end":{"line":15,"column":22}},"15":{"start":{"line":16,"column":0},"end":{"line":16,"column":0}},"16":{"start":{"line":17,"column":0},"end":{"line":17,"column":12}},"17":{"start":{"line":18,"column":0},"end":{"line":18,"column":23}},"18":{"start":{"line":19,"column":0},"end":{"line":19,"column":25}},"19":{"start":{"line":20,"column":0},"end":{"line":20,"column":0}},"20":{"start":{"line":21,"column":0},"end":{"line":21,"column":5}},"21":{"start":{"line":22,"column":0},"end":{"line":22,"column":4}},"22":{"start":{"line":23,"column":0},"end":{"line":23,"column":13}},"23":{"start":{"line":24,"column":0},"end":{"line":24,"column":23}},"24":{"start":{"line":25,"column":0},"end":{"line":25,"column":63}},"25":{"start":{"line":26,"column":0},"end":{"line":26,"column":25}},"26":{"start":{"line":27,"column":0},"end":{"line":27,"column":0}},"27":{"start":{"line":28,"column":0},"end":{"line":28,"column":5}},"28":{"start":{"line":29,"column":0},"end":{"line":29,"column":0}},"29":{"start":{"line":30,"column":0},"end":{"line":30,"column":15}},"30":{"start":{"line":31,"column":0},"end":{"line":31,"column":23}},"31":{"start":{"line":32,"column":0},"end":{"line":32,"column":62}},"32":{"start":{"line":33,"column":0},"end":{"line":33,"column":0}},"33":{"start":{"line":34,"column":0},"end":{"line":34,"column":5}},"34":{"start":{"line":35,"column":0},"end":{"line":35,"column":0}},"35":{"start":{"line":36,"column":0},"end":{"line":36,"column":13}},"36":{"start":{"line":37,"column":0},"end":{"line":37,"column":66}},"37":{"start":{"line":38,"column":0},"end":{"line":38,"column":24}},"38":{"start":{"line":39,"column":0},"end":{"line":39,"column":5}},"39":{"start":{"line":40,"column":0},"end":{"line":40,"column":2}},"40":{"start":{"line":41,"column":0},"end":{"line":41,"column":0}},"41":{"start":{"line":42,"column":0},"end":{"line":42,"column":47}},"42":{"start":{"line":43,"column":0},"end":{"line":43,"column":56}},"43":{"start":{"line":44,"column":0},"end":{"line":44,"column":2}}},"s":{"0":1,"1":1,"2":1,"3":1,"4":1,"5":1,"6":1,"7":1,"8":1,"9":1,"10":1,"11":1,"12":1,"13":1,"14":1,"15":1,"16":1,"17":1,"18":1,"19":1,"20":1,"21":1,"22":1,"23":1,"24":1,"25":1,"26":1,"27":1,"28":1,"29":1,"30":1,"31":1,"32":1,"33":1,"34":1,"35":1,"36":1,"37":1,"38":1,"39":1,"40":1,"41":1,"42":1,"43":1},"branchMap":{"0":{"type":"branch","line":8,"loc":{"start":{"line":8,"column":24},"end":{"line":8,"column":111}},"locations":[{"start":{"line":8,"column":24},"end":{"line":8,"column":111}}]},"1":{"type":"branch","line":8,"loc":{"start":{"line":8,"column":53},"end":{"line":8,"column":90}},"locations":[{"start":{"line":8,"column":53},"end":{"line":8,"column":90}}]},"2":{"type":"branch","line":8,"loc":{"start":{"line":8,"column":80},"end":{"line":8,"column":111}},"locations":[{"start":{"line":8,"column":80},"end":{"line":8,"column":111}}]},"3":{"type":"branch","line":8,"loc":{"start":{"line":8,"column":96},"end":{"line":8,"column":111}},"locations":[{"start":{"line":8,"column":96},"end":{"line":8,"column":111}}]},"4":{"type":"branch","line":10,"loc":{"start":{"line":10,"column":18},"end":{"line":10,"column":68}},"locations":[{"start":{"line":10,"column":18},"end":{"line":10,"column":68}}]},"5":{"type":"branch","line":10,"loc":{"start":{"line":10,"column":40},"end":{"line":10,"column":62}},"locations":[{"start":{"line":10,"column":40},"end":{"line":10,"column":62}}]},"6":{"type":"branch","line":10,"loc":{"start":{"line":10,"column":53},"end":{"line":10,"column":68}},"locations":[{"start":{"line":10,"column":53},"end":{"line":10,"column":68}}]},"7":{"type":"branch","line":25,"loc":{"start":{"line":25,"column":25},"end":{"line":25,"column":61}},"locations":[{"start":{"line":25,"column":25},"end":{"line":25,"column":61}}]},"8":{"type":"branch","line":25,"loc":{"start":{"line":25,"column":44},"end":{"line":25,"column":61}},"locations":[{"start":{"line":25,"column":44},"end":{"line":25,"column":61}}]},"9":{"type":"branch","line":32,"loc":{"start":{"line":32,"column":25},"end":{"line":32,"column":60}},"locations":[{"start":{"line":32,"column":25},"end":{"line":32,"column":60}}]},"10":{"type":"branch","line":32,"loc":{"start":{"line":32,"column":44},"end":{"line":32,"column":60}},"locations":[{"start":{"line":32,"column":44},"end":{"line":32,"column":60}}]},"11":{"type":"branch","line":37,"loc":{"start":{"line":37,"column":28},"end":{"line":37,"column":64}},"locations":[{"start":{"line":37,"column":28},"end":{"line":37,"column":64}}]},"12":{"type":"branch","line":37,"loc":{"start":{"line":37,"column":47},"end":{"line":37,"column":64}},"locations":[{"start":{"line":37,"column":47},"end":{"line":37,"column":64}}]},"13":{"type":"branch","line":43,"loc":{"start":{"line":43,"column":13},"end":{"line":43,"column":54}},"locations":[{"start":{"line":43,"column":13},"end":{"line":43,"column":54}}]},"14":{"type":"branch","line":43,"loc":{"start":{"line":43,"column":32},"end":{"line":43,"column":54}},"locations":[{"start":{"line":43,"column":32},"end":{"line":43,"column":54}}]}},"b":{"0":[19],"1":[4],"2":[15],"3":[13],"4":[19],"5":[4],"6":[15],"7":[19],"8":[17],"9":[19],"10":[17],"11":[19],"12":[17],"13":[19],"14":[17]},"fnMap":{"0":{"name":"__vite_ssr_import_0__.styled.div.type.type","decl":{"start":{"line":8,"column":24},"end":{"line":8,"column":111}},"loc":{"start":{"line":8,"column":24},"end":{"line":8,"column":111}},"line":8},"1":{"name":"__vite_ssr_import_0__.styled.div.theme.theme","decl":{"start":{"line":10,"column":18},"end":{"line":10,"column":68}},"loc":{"start":{"line":10,"column":18},"end":{"line":10,"column":68}},"line":10},"2":{"name":"__vite_ssr_import_0__.styled.div.theme.theme","decl":{"start":{"line":25,"column":25},"end":{"line":25,"column":61}},"loc":{"start":{"line":25,"column":25},"end":{"line":25,"column":61}},"line":25},"3":{"name":"__vite_ssr_import_0__.styled.div.theme.theme","decl":{"start":{"line":32,"column":25},"end":{"line":32,"column":60}},"loc":{"start":{"line":32,"column":25},"end":{"line":32,"column":60}},"line":32}},"f":{"0":19,"1":19,"2":19,"3":19}}
,"/Users/mac/Documents/assessment/equalx/src/components/CalcButton/CalcButton.tsx": {"path":"/Users/mac/Documents/assessment/equalx/src/components/CalcButton/CalcButton.tsx","all":false,"statementMap":{"0":{"start":{"line":1,"column":0},"end":{"line":1,"column":77}},"1":{"start":{"line":2,"column":0},"end":{"line":2,"column":0}},"2":{"start":{"line":3,"column":0},"end":{"line":3,"column":81}},"3":{"start":{"line":4,"column":0},"end":{"line":4,"column":58}},"4":{"start":{"line":5,"column":0},"end":{"line":5,"column":26}},"5":{"start":{"line":6,"column":0},"end":{"line":6,"column":0}},"6":{"start":{"line":7,"column":0},"end":{"line":7,"column":64}},"7":{"start":{"line":8,"column":0},"end":{"line":8,"column":27}},"8":{"start":{"line":9,"column":0},"end":{"line":9,"column":26}},"9":{"start":{"line":10,"column":0},"end":{"line":10,"column":23}},"10":{"start":{"line":11,"column":0},"end":{"line":11,"column":39}},"11":{"start":{"line":12,"column":0},"end":{"line":12,"column":1}},"12":{"start":{"line":13,"column":0},"end":{"line":13,"column":0}},"13":{"start":{"line":14,"column":0},"end":{"line":14,"column":58}},"14":{"start":{"line":15,"column":0},"end":{"line":15,"column":10}},"15":{"start":{"line":16,"column":0},"end":{"line":16,"column":33}},"16":{"start":{"line":17,"column":0},"end":{"line":17,"column":53}},"17":{"start":{"line":18,"column":0},"end":{"line":18,"column":28}},"18":{"start":{"line":19,"column":0},"end":{"line":19,"column":31}},"19":{"start":{"line":20,"column":0},"end":{"line":20,"column":23}},"20":{"start":{"line":21,"column":0},"end":{"line":21,"column":3}},"21":{"start":{"line":22,"column":0},"end":{"line":22,"column":1}},"22":{"start":{"line":23,"column":0},"end":{"line":23,"column":0}},"23":{"start":{"line":24,"column":0},"end":{"line":24,"column":26}}},"s":{"0":1,"1":1,"2":1,"3":1,"4":1,"5":1,"6":1,"7":1,"8":1,"9":1,"10":1,"11":1,"12":1,"13":1,"14":19,"15":19,"16":19,"17":19,"18":19,"19":19,"20":19,"21":19,"22":1,"23":1},"branchMap":{"0":{"type":"branch","line":14,"loc":{"start":{"line":14,"column":46},"end":{"line":22,"column":1}},"locations":[{"start":{"line":14,"column":46},"end":{"line":22,"column":1}}]},"1":{"type":"branch","line":18,"loc":{"start":{"line":18,"column":17},"end":{"line":18,"column":28}},"locations":[{"start":{"line":18,"column":17},"end":{"line":18,"column":28}}]}},"b":{"0":[19],"1":[0]},"fnMap":{"0":{"name":"CalcButton","decl":{"start":{"line":14,"column":46},"end":{"line":22,"column":1}},"loc":{"start":{"line":14,"column":46},"end":{"line":22,"column":1}},"line":14}},"f":{"0":19}}
,"/Users/mac/Documents/assessment/equalx/src/components/CalcButton/index.tsx": {"path":"/Users/mac/Documents/assessment/equalx/src/components/CalcButton/index.tsx","all":false,"statementMap":{"0":{"start":{"line":1,"column":0},"end":{"line":1,"column":51}}},"s":{"0":1},"branchMap":{},"b":{},"fnMap":{},"f":{}}
,"/Users/mac/Documents/assessment/equalx/src/components/CalcButtonList/CalcButtonList.styles.tsx": {"path":"/Users/mac/Documents/assessment/equalx/src/components/CalcButtonList/CalcButtonList.styles.tsx","all":false,"statementMap":{"0":{"start":{"line":1,"column":0},"end":{"line":1,"column":55}},"1":{"start":{"line":2,"column":0},"end":{"line":2,"column":43}},"2":{"start":{"line":3,"column":0},"end":{"line":3,"column":0}},"3":{"start":{"line":4,"column":0},"end":{"line":4,"column":68}},"4":{"start":{"line":5,"column":0},"end":{"line":5,"column":21}},"5":{"start":{"line":6,"column":0},"end":{"line":6,"column":20}},"6":{"start":{"line":7,"column":0},"end":{"line":7,"column":15}},"7":{"start":{"line":8,"column":0},"end":{"line":8,"column":18}},"8":{"start":{"line":9,"column":0},"end":{"line":9,"column":41}},"9":{"start":{"line":10,"column":0},"end":{"line":10,"column":2}},"10":{"start":{"line":11,"column":0},"end":{"line":11,"column":0}},"11":{"start":{"line":12,"column":0},"end":{"line":12,"column":50}},"12":{"start":{"line":13,"column":0},"end":{"line":13,"column":4}},"13":{"start":{"line":14,"column":0},"end":{"line":14,"column":5}}},"s":{"0":1,"1":1,"2":1,"3":1,"4":1,"5":1,"6":1,"7":1,"8":1,"9":1,"10":1,"11":1,"12":1,"13":1},"branchMap":{},"b":{},"fnMap":{},"f":{}}
,"/Users/mac/Documents/assessment/equalx/src/components/CalcButtonList/CalcButtonList.tsx": {"path":"/Users/mac/Documents/assessment/equalx/src/components/CalcButtonList/CalcButtonList.tsx","all":false,"statementMap":{"0":{"start":{"line":1,"column":0},"end":{"line":1,"column":32}},"1":{"start":{"line":2,"column":0},"end":{"line":2,"column":58}},"2":{"start":{"line":3,"column":0},"end":{"line":3,"column":26}},"3":{"start":{"line":4,"column":0},"end":{"line":4,"column":63}},"4":{"start":{"line":5,"column":0},"end":{"line":5,"column":0}},"5":{"start":{"line":6,"column":0},"end":{"line":6,"column":68}},"6":{"start":{"line":7,"column":0},"end":{"line":7,"column":27}},"7":{"start":{"line":8,"column":0},"end":{"line":8,"column":18}},"8":{"start":{"line":9,"column":0},"end":{"line":9,"column":23}},"9":{"start":{"line":10,"column":0},"end":{"line":10,"column":37}},"10":{"start":{"line":11,"column":0},"end":{"line":11,"column":44}},"11":{"start":{"line":12,"column":0},"end":{"line":12,"column":1}},"12":{"start":{"line":13,"column":0},"end":{"line":13,"column":0}},"13":{"start":{"line":14,"column":0},"end":{"line":14,"column":36}},"14":{"start":{"line":15,"column":0},"end":{"line":15,"column":25}},"15":{"start":{"line":16,"column":0},"end":{"line":16,"column":25}},"16":{"start":{"line":17,"column":0},"end":{"line":17,"column":38}},"17":{"start":{"line":18,"column":0},"end":{"line":18,"column":0}},"18":{"start":{"line":19,"column":0},"end":{"line":19,"column":1}},"19":{"start":{"line":20,"column":0},"end":{"line":20,"column":0}},"20":{"start":{"line":21,"column":0},"end":{"line":21,"column":112}},"21":{"start":{"line":22,"column":0},"end":{"line":22,"column":0}},"22":{"start":{"line":23,"column":0},"end":{"line":23,"column":66}},"23":{"start":{"line":24,"column":0},"end":{"line":24,"column":2}},"24":{"start":{"line":25,"column":0},"end":{"line":25,"column":31}},"25":{"start":{"line":26,"column":0},"end":{"line":26,"column":70}},"26":{"start":{"line":27,"column":0},"end":{"line":27,"column":41}},"27":{"start":{"line":28,"column":0},"end":{"line":28,"column":116}},"28":{"start":{"line":29,"column":0},"end":{"line":29,"column":3}},"29":{"start":{"line":30,"column":0},"end":{"line":30,"column":2}},"30":{"start":{"line":31,"column":0},"end":{"line":31,"column":10}},"31":{"start":{"line":32,"column":0},"end":{"line":32,"column":37}},"32":{"start":{"line":33,"column":0},"end":{"line":33,"column":9}},"33":{"start":{"line":34,"column":0},"end":{"line":34,"column":41}},"34":{"start":{"line":35,"column":0},"end":{"line":35,"column":29}},"35":{"start":{"line":36,"column":0},"end":{"line":36,"column":15}},"36":{"start":{"line":37,"column":0},"end":{"line":37,"column":67}},"37":{"start":{"line":38,"column":0},"end":{"line":38,"column":11}},"38":{"start":{"line":39,"column":0},"end":{"line":39,"column":9}},"39":{"start":{"line":40,"column":0},"end":{"line":40,"column":27}},"40":{"start":{"line":41,"column":0},"end":{"line":41,"column":3}},"41":{"start":{"line":42,"column":0},"end":{"line":42,"column":1}},"42":{"start":{"line":43,"column":0},"end":{"line":43,"column":0}},"43":{"start":{"line":44,"column":0},"end":{"line":44,"column":30}}},"s":{"0":1,"1":1,"2":1,"3":1,"4":1,"5":1,"6":1,"7":1,"8":1,"9":1,"10":1,"11":1,"12":1,"13":1,"14":1,"15":1,"16":1,"17":1,"18":1,"19":1,"20":1,"21":1,"22":1,"23":6,"24":6,"25":2,"26":0,"27":2,"28":2,"29":6,"30":6,"31":6,"32":6,"33":6,"34":2,"35":2,"36":2,"37":6,"38":6,"39":6,"40":6,"41":6,"42":1,"43":1},"branchMap":{"0":{"type":"branch","line":23,"loc":{"start":{"line":23,"column":54},"end":{"line":42,"column":1}},"locations":[{"start":{"line":23,"column":54},"end":{"line":42,"column":1}}]},"1":{"type":"branch","line":34,"loc":{"start":{"line":34,"column":17},"end":{"line":34,"column":35}},"locations":[{"start":{"line":34,"column":17},"end":{"line":34,"column":35}}]},"2":{"type":"branch","line":34,"loc":{"start":{"line":34,"column":35},"end":{"line":35,"column":29}},"locations":[{"start":{"line":34,"column":35},"end":{"line":35,"column":29}}]},"3":{"type":"branch","line":35,"loc":{"start":{"line":35,"column":28},"end":{"line":37,"column":67}},"locations":[{"start":{"line":35,"column":28},"end":{"line":37,"column":67}}]},"4":{"type":"branch","line":25,"loc":{"start":{"line":25,"column":24},"end":{"line":29,"column":3}},"locations":[{"start":{"line":25,"column":24},"end":{"line":29,"column":3}}]},"5":{"type":"branch","line":26,"loc":{"start":{"line":26,"column":31},"end":{"line":28,"column":114}},"locations":[{"start":{"line":26,"column":31},"end":{"line":28,"column":114}}]}},"b":{"0":[6],"1":[4],"2":[2],"3":[2],"4":[2],"5":[19]},"fnMap":{"0":{"name":"CalcButtonList","decl":{"start":{"line":23,"column":54},"end":{"line":42,"column":1}},"loc":{"start":{"line":23,"column":54},"end":{"line":42,"column":1}},"line":23},"1":{"name":"renderButtons","decl":{"start":{"line":25,"column":24},"end":{"line":29,"column":3}},"loc":{"start":{"line":25,"column":24},"end":{"line":29,"column":3}},"line":25},"2":{"name":"onClick","decl":{"start":{"line":26,"column":63},"end":{"line":28,"column":7}},"loc":{"start":{"line":26,"column":63},"end":{"line":28,"column":7}},"line":26}},"f":{"0":6,"1":2,"2":0}}
,"/Users/mac/Documents/assessment/equalx/src/components/CalcButtonList/index.tsx": {"path":"/Users/mac/Documents/assessment/equalx/src/components/CalcButtonList/index.tsx","all":false,"statementMap":{"0":{"start":{"line":1,"column":0},"end":{"line":1,"column":59}}},"s":{"0":1},"branchMap":{},"b":{},"fnMap":{},"f":{}}
,"/Users/mac/Documents/assessment/equalx/src/components/CalcScreen/CalcScreen.styles.tsx": {"path":"/Users/mac/Documents/assessment/equalx/src/components/CalcScreen/CalcScreen.styles.tsx","all":false,"statementMap":{"0":{"start":{"line":1,"column":0},"end":{"line":1,"column":47}},"1":{"start":{"line":2,"column":0},"end":{"line":2,"column":43}},"2":{"start":{"line":3,"column":0},"end":{"line":3,"column":0}},"3":{"start":{"line":4,"column":0},"end":{"line":4,"column":60}},"4":{"start":{"line":5,"column":0},"end":{"line":5,"column":0}},"5":{"start":{"line":6,"column":0},"end":{"line":6,"column":23}},"6":{"start":{"line":7,"column":0},"end":{"line":7,"column":62}},"7":{"start":{"line":8,"column":0},"end":{"line":8,"column":16}},"8":{"start":{"line":9,"column":0},"end":{"line":9,"column":23}},"9":{"start":{"line":10,"column":0},"end":{"line":10,"column":18}},"10":{"start":{"line":11,"column":0},"end":{"line":11,"column":27}},"11":{"start":{"line":12,"column":0},"end":{"line":12,"column":26}},"12":{"start":{"line":13,"column":0},"end":{"line":13,"column":2}},"13":{"start":{"line":14,"column":0},"end":{"line":14,"column":0}},"14":{"start":{"line":15,"column":0},"end":{"line":15,"column":47}},"15":{"start":{"line":16,"column":0},"end":{"line":16,"column":53}},"16":{"start":{"line":17,"column":0},"end":{"line":17,"column":19}},"17":{"start":{"line":18,"column":0},"end":{"line":18,"column":0}},"18":{"start":{"line":19,"column":0},"end":{"line":19,"column":2}},"19":{"start":{"line":20,"column":0},"end":{"line":20,"column":0}},"20":{"start":{"line":21,"column":0},"end":{"line":21,"column":49}},"21":{"start":{"line":22,"column":0},"end":{"line":22,"column":53}},"22":{"start":{"line":23,"column":0},"end":{"line":23,"column":19}},"23":{"start":{"line":24,"column":0},"end":{"line":24,"column":18}},"24":{"start":{"line":25,"column":0},"end":{"line":25,"column":0}},"25":{"start":{"line":26,"column":0},"end":{"line":26,"column":0}},"26":{"start":{"line":27,"column":0},"end":{"line":27,"column":2}}},"s":{"0":1,"1":1,"2":1,"3":1,"4":1,"5":1,"6":1,"7":1,"8":1,"9":1,"10":1,"11":1,"12":1,"13":1,"14":1,"15":1,"16":1,"17":1,"18":1,"19":1,"20":1,"21":1,"22":1,"23":1,"24":1,"25":1,"26":1},"branchMap":{"0":{"type":"branch","line":7,"loc":{"start":{"line":7,"column":24},"end":{"line":7,"column":60}},"locations":[{"start":{"line":7,"column":24},"end":{"line":7,"column":60}}]},"1":{"type":"branch","line":7,"loc":{"start":{"line":7,"column":43},"end":{"line":7,"column":60}},"locations":[{"start":{"line":7,"column":43},"end":{"line":7,"column":60}}]},"2":{"type":"branch","line":16,"loc":{"start":{"line":16,"column":11},"end":{"line":16,"column":51}},"locations":[{"start":{"line":16,"column":11},"end":{"line":16,"column":51}}]},"3":{"type":"branch","line":16,"loc":{"start":{"line":16,"column":30},"end":{"line":16,"column":46}},"locations":[{"start":{"line":16,"column":30},"end":{"line":16,"column":46}}]},"4":{"type":"branch","line":22,"loc":{"start":{"line":22,"column":11},"end":{"line":22,"column":51}},"locations":[{"start":{"line":22,"column":11},"end":{"line":22,"column":51}}]},"5":{"type":"branch","line":22,"loc":{"start":{"line":22,"column":30},"end":{"line":22,"column":46}},"locations":[{"start":{"line":22,"column":30},"end":{"line":22,"column":46}}]}},"b":{"0":[7],"1":[2],"2":[7],"3":[2],"4":[7],"5":[2]},"fnMap":{},"f":{}}
,"/Users/mac/Documents/assessment/equalx/src/components/CalcScreen/CalcScreen.tsx": {"path":"/Users/mac/Documents/assessment/equalx/src/components/CalcScreen/CalcScreen.tsx","all":false,"statementMap":{"0":{"start":{"line":1,"column":0},"end":{"line":1,"column":50}},"1":{"start":{"line":2,"column":0},"end":{"line":2,"column":101}},"2":{"start":{"line":3,"column":0},"end":{"line":3,"column":0}},"3":{"start":{"line":4,"column":0},"end":{"line":4,"column":58}},"4":{"start":{"line":5,"column":0},"end":{"line":5,"column":57}},"5":{"start":{"line":6,"column":0},"end":{"line":6,"column":0}},"6":{"start":{"line":7,"column":0},"end":{"line":7,"column":64}},"7":{"start":{"line":8,"column":0},"end":{"line":8,"column":18}},"8":{"start":{"line":9,"column":0},"end":{"line":9,"column":1}},"9":{"start":{"line":10,"column":0},"end":{"line":10,"column":0}},"10":{"start":{"line":11,"column":0},"end":{"line":11,"column":58}},"11":{"start":{"line":12,"column":0},"end":{"line":12,"column":44}},"12":{"start":{"line":13,"column":0},"end":{"line":13,"column":0}},"13":{"start":{"line":14,"column":0},"end":{"line":14,"column":19}},"14":{"start":{"line":15,"column":0},"end":{"line":15,"column":0}},"15":{"start":{"line":16,"column":0},"end":{"line":16,"column":9}},"16":{"start":{"line":17,"column":0},"end":{"line":17,"column":42}},"17":{"start":{"line":18,"column":0},"end":{"line":18,"column":21}},"18":{"start":{"line":19,"column":0},"end":{"line":19,"column":30}},"19":{"start":{"line":20,"column":0},"end":{"line":20,"column":5}},"20":{"start":{"line":21,"column":0},"end":{"line":21,"column":5}},"21":{"start":{"line":22,"column":0},"end":{"line":22,"column":19}},"22":{"start":{"line":23,"column":0},"end":{"line":23,"column":10}},"23":{"start":{"line":24,"column":0},"end":{"line":24,"column":33}},"24":{"start":{"line":25,"column":0},"end":{"line":25,"column":30}},"25":{"start":{"line":26,"column":0},"end":{"line":26,"column":48}},"26":{"start":{"line":27,"column":0},"end":{"line":27,"column":31}},"27":{"start":{"line":28,"column":0},"end":{"line":28,"column":32}},"28":{"start":{"line":29,"column":0},"end":{"line":29,"column":24}},"29":{"start":{"line":30,"column":0},"end":{"line":30,"column":33}},"30":{"start":{"line":31,"column":0},"end":{"line":31,"column":23}},"31":{"start":{"line":32,"column":0},"end":{"line":32,"column":3}},"32":{"start":{"line":33,"column":0},"end":{"line":33,"column":1}},"33":{"start":{"line":34,"column":0},"end":{"line":34,"column":0}},"34":{"start":{"line":35,"column":0},"end":{"line":35,"column":26}}},"s":{"0":1,"1":1,"2":1,"3":1,"4":1,"5":1,"6":1,"7":1,"8":1,"9":1,"10":1,"11":7,"12":7,"13":7,"14":4,"15":4,"16":4,"17":4,"18":1,"19":1,"20":4,"21":7,"22":7,"23":7,"24":7,"25":7,"26":7,"27":7,"28":7,"29":7,"30":7,"31":7,"32":7,"33":1,"34":1},"branchMap":{"0":{"type":"branch","line":11,"loc":{"start":{"line":11,"column":46},"end":{"line":33,"column":1}},"locations":[{"start":{"line":11,"column":46},"end":{"line":33,"column":1}}]},"1":{"type":"branch","line":26,"loc":{"start":{"line":26,"column":34},"end":{"line":26,"column":46}},"locations":[{"start":{"line":26,"column":34},"end":{"line":26,"column":46}}]},"2":{"type":"branch","line":14,"loc":{"start":{"line":14,"column":12},"end":{"line":22,"column":4}},"locations":[{"start":{"line":14,"column":12},"end":{"line":22,"column":4}}]},"3":{"type":"branch","line":17,"loc":{"start":{"line":17,"column":27},"end":{"line":17,"column":39}},"locations":[{"start":{"line":17,"column":27},"end":{"line":17,"column":39}}]},"4":{"type":"branch","line":18,"loc":{"start":{"line":18,"column":4},"end":{"line":20,"column":5}},"locations":[{"start":{"line":18,"column":4},"end":{"line":20,"column":5}}]},"5":{"type":"branch","line":19,"loc":{"start":{"line":19,"column":16},"end":{"line":19,"column":28}},"locations":[{"start":{"line":19,"column":16},"end":{"line":19,"column":28}}]}},"b":{"0":[7],"1":[2],"2":[4],"3":[1],"4":[1],"5":[1]},"fnMap":{"0":{"name":"CalcScreen","decl":{"start":{"line":11,"column":46},"end":{"line":33,"column":1}},"loc":{"start":{"line":11,"column":46},"end":{"line":33,"column":1}},"line":11}},"f":{"0":7}}
,"/Users/mac/Documents/assessment/equalx/src/components/CalcScreen/index.tsx": {"path":"/Users/mac/Documents/assessment/equalx/src/components/CalcScreen/index.tsx","all":false,"statementMap":{"0":{"start":{"line":1,"column":0},"end":{"line":1,"column":51}}},"s":{"0":1},"branchMap":{},"b":{},"fnMap":{},"f":{}}
,"/Users/mac/Documents/assessment/equalx/src/pages/index.tsx": {"path":"/Users/mac/Documents/assessment/equalx/src/pages/index.tsx","all":false,"statementMap":{"0":{"start":{"line":1,"column":0},"end":{"line":1,"column":71}}},"s":{"0":1},"branchMap":{},"b":{},"fnMap":{},"f":{}}
,"/Users/mac/Documents/assessment/equalx/src/pages/CalculateHome/CalculateHome.styles.tsx": {"path":"/Users/mac/Documents/assessment/equalx/src/pages/CalculateHome/CalculateHome.styles.tsx","all":false,"statementMap":{"0":{"start":{"line":1,"column":0},"end":{"line":1,"column":53}},"1":{"start":{"line":2,"column":0},"end":{"line":2,"column":43}},"2":{"start":{"line":3,"column":0},"end":{"line":3,"column":0}},"3":{"start":{"line":4,"column":0},"end":{"line":4,"column":66}},"4":{"start":{"line":5,"column":0},"end":{"line":5,"column":22}},"5":{"start":{"line":6,"column":0},"end":{"line":6,"column":23}},"6":{"start":{"line":7,"column":0},"end":{"line":7,"column":18}},"7":{"start":{"line":8,"column":0},"end":{"line":8,"column":2}},"8":{"start":{"line":9,"column":0},"end":{"line":9,"column":2}}},"s":{"0":1,"1":1,"2":1,"3":1,"4":1,"5":1,"6":1,"7":1,"8":1},"branchMap":{},"b":{},"fnMap":{},"f":{}}
,"/Users/mac/Documents/assessment/equalx/src/pages/CalculateHome/CalculateHome.tsx": {"path":"/Users/mac/Documents/assessment/equalx/src/pages/CalculateHome/CalculateHome.tsx","all":false,"statementMap":{"0":{"start":{"line":1,"column":0},"end":{"line":1,"column":62}},"1":{"start":{"line":2,"column":0},"end":{"line":2,"column":50}},"2":{"start":{"line":3,"column":0},"end":{"line":3,"column":69}},"3":{"start":{"line":4,"column":0},"end":{"line":4,"column":0}},"4":{"start":{"line":5,"column":0},"end":{"line":5,"column":81}},"5":{"start":{"line":6,"column":0},"end":{"line":6,"column":58}},"6":{"start":{"line":7,"column":0},"end":{"line":7,"column":60}},"7":{"start":{"line":8,"column":0},"end":{"line":8,"column":0}},"8":{"start":{"line":9,"column":0},"end":{"line":9,"column":67}},"9":{"start":{"line":10,"column":0},"end":{"line":10,"column":0}},"10":{"start":{"line":11,"column":0},"end":{"line":11,"column":2}},"11":{"start":{"line":12,"column":0},"end":{"line":12,"column":0}},"12":{"start":{"line":13,"column":0},"end":{"line":13,"column":64}},"13":{"start":{"line":14,"column":0},"end":{"line":14,"column":71}},"14":{"start":{"line":15,"column":0},"end":{"line":15,"column":54}},"15":{"start":{"line":16,"column":0},"end":{"line":16,"column":0}},"16":{"start":{"line":17,"column":0},"end":{"line":17,"column":19}},"17":{"start":{"line":18,"column":0},"end":{"line":18,"column":0}},"18":{"start":{"line":19,"column":0},"end":{"line":19,"column":20}},"19":{"start":{"line":20,"column":0},"end":{"line":20,"column":0}},"20":{"start":{"line":21,"column":0},"end":{"line":21,"column":19}},"21":{"start":{"line":22,"column":0},"end":{"line":22,"column":29}},"22":{"start":{"line":23,"column":0},"end":{"line":23,"column":8}},"23":{"start":{"line":24,"column":0},"end":{"line":24,"column":0}},"24":{"start":{"line":25,"column":0},"end":{"line":25,"column":48}},"25":{"start":{"line":26,"column":0},"end":{"line":26,"column":0}},"26":{"start":{"line":27,"column":0},"end":{"line":27,"column":25}},"27":{"start":{"line":28,"column":0},"end":{"line":28,"column":26}},"28":{"start":{"line":29,"column":0},"end":{"line":29,"column":13}},"29":{"start":{"line":30,"column":0},"end":{"line":30,"column":5}},"30":{"start":{"line":31,"column":0},"end":{"line":31,"column":4}},"31":{"start":{"line":32,"column":0},"end":{"line":32,"column":26}},"32":{"start":{"line":33,"column":0},"end":{"line":33,"column":59}},"33":{"start":{"line":34,"column":0},"end":{"line":34,"column":13}},"34":{"start":{"line":35,"column":0},"end":{"line":35,"column":5}},"35":{"start":{"line":36,"column":0},"end":{"line":36,"column":4}},"36":{"start":{"line":37,"column":0},"end":{"line":37,"column":52}},"37":{"start":{"line":38,"column":0},"end":{"line":38,"column":13}},"38":{"start":{"line":39,"column":0},"end":{"line":39,"column":5}},"39":{"start":{"line":40,"column":0},"end":{"line":40,"column":0}},"40":{"start":{"line":41,"column":0},"end":{"line":41,"column":31}},"41":{"start":{"line":42,"column":0},"end":{"line":42,"column":47}},"42":{"start":{"line":43,"column":0},"end":{"line":43,"column":39}},"43":{"start":{"line":44,"column":0},"end":{"line":44,"column":15}},"44":{"start":{"line":45,"column":0},"end":{"line":45,"column":7}},"45":{"start":{"line":46,"column":0},"end":{"line":46,"column":0}},"46":{"start":{"line":47,"column":0},"end":{"line":47,"column":6}},"47":{"start":{"line":48,"column":0},"end":{"line":48,"column":87}},"48":{"start":{"line":49,"column":0},"end":{"line":49,"column":4}},"49":{"start":{"line":50,"column":0},"end":{"line":50,"column":3}},"50":{"start":{"line":51,"column":0},"end":{"line":51,"column":6}},"51":{"start":{"line":52,"column":0},"end":{"line":52,"column":10}},"52":{"start":{"line":53,"column":0},"end":{"line":53,"column":36}},"53":{"start":{"line":54,"column":0},"end":{"line":54,"column":39}},"54":{"start":{"line":55,"column":0},"end":{"line":55,"column":41}},"55":{"start":{"line":56,"column":0},"end":{"line":56,"column":68}},"56":{"start":{"line":57,"column":0},"end":{"line":57,"column":26}},"57":{"start":{"line":58,"column":0},"end":{"line":58,"column":3}},"58":{"start":{"line":59,"column":0},"end":{"line":59,"column":1}},"59":{"start":{"line":60,"column":0},"end":{"line":60,"column":0}},"60":{"start":{"line":61,"column":0},"end":{"line":61,"column":29}}},"s":{"0":1,"1":1,"2":1,"3":1,"4":1,"5":1,"6":1,"7":1,"8":1,"9":1,"10":1,"11":1,"12":1,"13":3,"14":3,"15":3,"16":3,"17":1,"18":3,"19":3,"20":3,"21":1,"22":3,"23":3,"24":3,"25":0,"26":0,"27":0,"28":0,"29":0,"30":0,"31":0,"32":0,"33":0,"34":0,"35":0,"36":0,"37":0,"38":0,"39":0,"40":0,"41":0,"42":0,"43":0,"44":0,"45":0,"46":0,"47":0,"48":0,"49":0,"50":3,"51":3,"52":3,"53":3,"54":3,"55":3,"56":3,"57":3,"58":3,"59":1,"60":1},"branchMap":{"0":{"type":"branch","line":13,"loc":{"start":{"line":13,"column":52},"end":{"line":59,"column":1}},"locations":[{"start":{"line":13,"column":52},"end":{"line":59,"column":1}}]},"1":{"type":"branch","line":17,"loc":{"start":{"line":17,"column":12},"end":{"line":19,"column":5}},"locations":[{"start":{"line":17,"column":12},"end":{"line":19,"column":5}}]},"2":{"type":"branch","line":21,"loc":{"start":{"line":21,"column":12},"end":{"line":23,"column":4}},"locations":[{"start":{"line":21,"column":12},"end":{"line":23,"column":4}}]}},"b":{"0":[3],"1":[1],"2":[1]},"fnMap":{"0":{"name":"CalculateHome","decl":{"start":{"line":13,"column":52},"end":{"line":59,"column":1}},"loc":{"start":{"line":13,"column":52},"end":{"line":59,"column":1}},"line":13},"1":{"name":"addToScreen","decl":{"start":{"line":25,"column":22},"end":{"line":50,"column":3}},"loc":{"start":{"line":25,"column":22},"end":{"line":50,"column":3}},"line":25}},"f":{"0":3,"1":0}}
,"/Users/mac/Documents/assessment/equalx/src/utils/functions/index.ts": {"path":"/Users/mac/Documents/assessment/equalx/src/utils/functions/index.ts","all":false,"statementMap":{"0":{"start":{"line":1,"column":0},"end":{"line":1,"column":83}},"1":{"start":{"line":2,"column":0},"end":{"line":2,"column":0}},"2":{"start":{"line":3,"column":0},"end":{"line":3,"column":102}},"3":{"start":{"line":4,"column":0},"end":{"line":4,"column":140}},"4":{"start":{"line":5,"column":0},"end":{"line":5,"column":0}},"5":{"start":{"line":6,"column":0},"end":{"line":6,"column":18}},"6":{"start":{"line":7,"column":0},"end":{"line":7,"column":4}},"7":{"start":{"line":8,"column":0},"end":{"line":8,"column":1}},"8":{"start":{"line":9,"column":0},"end":{"line":9,"column":0}},"9":{"start":{"line":10,"column":0},"end":{"line":10,"column":58}},"10":{"start":{"line":11,"column":0},"end":{"line":11,"column":41}},"11":{"start":{"line":12,"column":0},"end":{"line":12,"column":23}},"12":{"start":{"line":13,"column":0},"end":{"line":13,"column":31}},"13":{"start":{"line":14,"column":0},"end":{"line":14,"column":66}},"14":{"start":{"line":15,"column":0},"end":{"line":15,"column":12}},"15":{"start":{"line":16,"column":0},"end":{"line":16,"column":23}},"16":{"start":{"line":17,"column":0},"end":{"line":17,"column":5}},"17":{"start":{"line":18,"column":0},"end":{"line":18,"column":18}},"18":{"start":{"line":19,"column":0},"end":{"line":19,"column":1}},"19":{"start":{"line":20,"column":0},"end":{"line":20,"column":0}},"20":{"start":{"line":21,"column":0},"end":{"line":21,"column":62}},"21":{"start":{"line":22,"column":0},"end":{"line":22,"column":46}},"22":{"start":{"line":23,"column":0},"end":{"line":23,"column":76}},"23":{"start":{"line":24,"column":0},"end":{"line":24,"column":0}},"24":{"start":{"line":25,"column":0},"end":{"line":25,"column":18}},"25":{"start":{"line":26,"column":0},"end":{"line":26,"column":4}},"26":{"start":{"line":27,"column":0},"end":{"line":27,"column":1}},"27":{"start":{"line":28,"column":0},"end":{"line":28,"column":0}},"28":{"start":{"line":29,"column":0},"end":{"line":29,"column":55}},"29":{"start":{"line":30,"column":0},"end":{"line":30,"column":12}},"30":{"start":{"line":31,"column":0},"end":{"line":31,"column":9}},"31":{"start":{"line":32,"column":0},"end":{"line":32,"column":26}},"32":{"start":{"line":33,"column":0},"end":{"line":33,"column":21}},"33":{"start":{"line":34,"column":0},"end":{"line":34,"column":18}},"34":{"start":{"line":35,"column":0},"end":{"line":35,"column":14}},"35":{"start":{"line":36,"column":0},"end":{"line":36,"column":9}},"36":{"start":{"line":37,"column":0},"end":{"line":37,"column":26}},"37":{"start":{"line":38,"column":0},"end":{"line":38,"column":21}},"38":{"start":{"line":39,"column":0},"end":{"line":39,"column":18}},"39":{"start":{"line":40,"column":0},"end":{"line":40,"column":10}},"40":{"start":{"line":41,"column":0},"end":{"line":41,"column":9}},"41":{"start":{"line":42,"column":0},"end":{"line":42,"column":26}},"42":{"start":{"line":43,"column":0},"end":{"line":43,"column":21}},"43":{"start":{"line":44,"column":0},"end":{"line":44,"column":18}},"44":{"start":{"line":45,"column":0},"end":{"line":45,"column":10}},"45":{"start":{"line":46,"column":0},"end":{"line":46,"column":9}},"46":{"start":{"line":47,"column":0},"end":{"line":47,"column":27}},"47":{"start":{"line":48,"column":0},"end":{"line":48,"column":21}},"48":{"start":{"line":49,"column":0},"end":{"line":49,"column":21}},"49":{"start":{"line":50,"column":0},"end":{"line":50,"column":10}},"50":{"start":{"line":51,"column":0},"end":{"line":51,"column":9}},"51":{"start":{"line":52,"column":0},"end":{"line":52,"column":26}},"52":{"start":{"line":53,"column":0},"end":{"line":53,"column":21}},"53":{"start":{"line":54,"column":0},"end":{"line":54,"column":18}},"54":{"start":{"line":55,"column":0},"end":{"line":55,"column":10}},"55":{"start":{"line":56,"column":0},"end":{"line":56,"column":9}},"56":{"start":{"line":57,"column":0},"end":{"line":57,"column":26}},"57":{"start":{"line":58,"column":0},"end":{"line":58,"column":21}},"58":{"start":{"line":59,"column":0},"end":{"line":59,"column":18}},"59":{"start":{"line":60,"column":0},"end":{"line":60,"column":10}},"60":{"start":{"line":61,"column":0},"end":{"line":61,"column":9}},"61":{"start":{"line":62,"column":0},"end":{"line":62,"column":26}},"62":{"start":{"line":63,"column":0},"end":{"line":63,"column":21}},"63":{"start":{"line":64,"column":0},"end":{"line":64,"column":18}},"64":{"start":{"line":65,"column":0},"end":{"line":65,"column":10}},"65":{"start":{"line":66,"column":0},"end":{"line":66,"column":9}},"66":{"start":{"line":67,"column":0},"end":{"line":67,"column":27}},"67":{"start":{"line":68,"column":0},"end":{"line":68,"column":21}},"68":{"start":{"line":69,"column":0},"end":{"line":69,"column":21}},"69":{"start":{"line":70,"column":0},"end":{"line":70,"column":10}},"70":{"start":{"line":71,"column":0},"end":{"line":71,"column":9}},"71":{"start":{"line":72,"column":0},"end":{"line":72,"column":26}},"72":{"start":{"line":73,"column":0},"end":{"line":73,"column":21}},"73":{"start":{"line":74,"column":0},"end":{"line":74,"column":18}},"74":{"start":{"line":75,"column":0},"end":{"line":75,"column":10}},"75":{"start":{"line":76,"column":0},"end":{"line":76,"column":9}},"76":{"start":{"line":77,"column":0},"end":{"line":77,"column":26}},"77":{"start":{"line":78,"column":0},"end":{"line":78,"column":21}},"78":{"start":{"line":79,"column":0},"end":{"line":79,"column":18}},"79":{"start":{"line":80,"column":0},"end":{"line":80,"column":10}},"80":{"start":{"line":81,"column":0},"end":{"line":81,"column":9}},"81":{"start":{"line":82,"column":0},"end":{"line":82,"column":26}},"82":{"start":{"line":83,"column":0},"end":{"line":83,"column":21}},"83":{"start":{"line":84,"column":0},"end":{"line":84,"column":18}},"84":{"start":{"line":85,"column":0},"end":{"line":85,"column":10}},"85":{"start":{"line":86,"column":0},"end":{"line":86,"column":9}},"86":{"start":{"line":87,"column":0},"end":{"line":87,"column":27}},"87":{"start":{"line":88,"column":0},"end":{"line":88,"column":21}},"88":{"start":{"line":89,"column":0},"end":{"line":89,"column":21}},"89":{"start":{"line":90,"column":0},"end":{"line":90,"column":10}},"90":{"start":{"line":91,"column":0},"end":{"line":91,"column":9}},"91":{"start":{"line":92,"column":0},"end":{"line":92,"column":23}},"92":{"start":{"line":93,"column":0},"end":{"line":93,"column":21}},"93":{"start":{"line":94,"column":0},"end":{"line":94,"column":18}},"94":{"start":{"line":95,"column":0},"end":{"line":95,"column":10}},"95":{"start":{"line":96,"column":0},"end":{"line":96,"column":9}},"96":{"start":{"line":97,"column":0},"end":{"line":97,"column":28}},"97":{"start":{"line":98,"column":0},"end":{"line":98,"column":21}},"98":{"start":{"line":99,"column":0},"end":{"line":99,"column":20}},"99":{"start":{"line":100,"column":0},"end":{"line":100,"column":10}},"100":{"start":{"line":101,"column":0},"end":{"line":101,"column":9}},"101":{"start":{"line":102,"column":0},"end":{"line":102,"column":27}},"102":{"start":{"line":103,"column":0},"end":{"line":103,"column":21}},"103":{"start":{"line":104,"column":0},"end":{"line":104,"column":21}},"104":{"start":{"line":105,"column":0},"end":{"line":105,"column":10}},"105":{"start":{"line":106,"column":0},"end":{"line":106,"column":9}},"106":{"start":{"line":107,"column":0},"end":{"line":107,"column":24}},"107":{"start":{"line":108,"column":0},"end":{"line":108,"column":25}},"108":{"start":{"line":109,"column":0},"end":{"line":109,"column":25}},"109":{"start":{"line":110,"column":0},"end":{"line":110,"column":10}},"110":{"start":{"line":111,"column":0},"end":{"line":111,"column":9}},"111":{"start":{"line":112,"column":0},"end":{"line":112,"column":26}},"112":{"start":{"line":113,"column":0},"end":{"line":113,"column":26}},"113":{"start":{"line":114,"column":0},"end":{"line":114,"column":26}},"114":{"start":{"line":115,"column":0},"end":{"line":115,"column":10}},"115":{"start":{"line":116,"column":0},"end":{"line":116,"column":0}},"116":{"start":{"line":117,"column":0},"end":{"line":117,"column":7}},"117":{"start":{"line":118,"column":0},"end":{"line":118,"column":1}},"118":{"start":{"line":119,"column":0},"end":{"line":119,"column":0}},"119":{"start":{"line":120,"column":0},"end":{"line":120,"column":63}},"120":{"start":{"line":121,"column":0},"end":{"line":121,"column":0}},"121":{"start":{"line":122,"column":0},"end":{"line":122,"column":77}},"122":{"start":{"line":123,"column":0},"end":{"line":123,"column":3}},"123":{"start":{"line":124,"column":0},"end":{"line":124,"column":1}},"124":{"start":{"line":125,"column":0},"end":{"line":125,"column":0}},"125":{"start":{"line":126,"column":0},"end":{"line":126,"column":67}},"126":{"start":{"line":127,"column":0},"end":{"line":127,"column":0}},"127":{"start":{"line":128,"column":0},"end":{"line":128,"column":90}},"128":{"start":{"line":129,"column":0},"end":{"line":129,"column":1}}},"s":{"0":1,"1":1,"2":1,"3":9,"4":9,"5":9,"6":9,"7":9,"8":1,"9":1,"10":8,"11":8,"12":8,"13":2,"14":8,"15":6,"16":6,"17":8,"18":8,"19":1,"20":1,"21":1,"22":3,"23":3,"24":3,"25":3,"26":3,"27":1,"28":1,"29":1,"30":1,"31":1,"32":1,"33":1,"34":1,"35":1,"36":1,"37":1,"38":1,"39":1,"40":1,"41":1,"42":1,"43":1,"44":1,"45":1,"46":1,"47":1,"48":1,"49":1,"50":1,"51":1,"52":1,"53":1,"54":1,"55":1,"56":1,"57":1,"58":1,"59":1,"60":1,"61":1,"62":1,"63":1,"64":1,"65":1,"66":1,"67":1,"68":1,"69":1,"70":1,"71":1,"72":1,"73":1,"74":1,"75":1,"76":1,"77":1,"78":1,"79":1,"80":1,"81":1,"82":1,"83":1,"84":1,"85":1,"86":1,"87":1,"88":1,"89":1,"90":1,"91":1,"92":1,"93":1,"94":1,"95":1,"96":1,"97":1,"98":1,"99":1,"100":1,"101":1,"102":1,"103":1,"104":1,"105":1,"106":1,"107":1,"108":1,"109":1,"110":1,"111":1,"112":1,"113":1,"114":1,"115":1,"116":1,"117":1,"118":1,"119":1,"120":0,"121":0,"122":0,"123":0,"124":1,"125":1,"126":0,"127":0,"128":0},"branchMap":{"0":{"type":"branch","line":3,"loc":{"start":{"line":3,"column":32},"end":{"line":8,"column":1}},"locations":[{"start":{"line":3,"column":32},"end":{"line":8,"column":1}}]},"1":{"type":"branch","line":4,"loc":{"start":{"line":4,"column":43},"end":{"line":4,"column":88}},"locations":[{"start":{"line":4,"column":43},"end":{"line":4,"column":88}}]},"2":{"type":"branch","line":4,"loc":{"start":{"line":4,"column":75},"end":{"line":4,"column":117}},"locations":[{"start":{"line":4,"column":75},"end":{"line":4,"column":117}}]},"3":{"type":"branch","line":4,"loc":{"start":{"line":4,"column":113},"end":{"line":4,"column":140}},"locations":[{"start":{"line":4,"column":113},"end":{"line":4,"column":140}}]},"4":{"type":"branch","line":10,"loc":{"start":{"line":10,"column":30},"end":{"line":19,"column":1}},"locations":[{"start":{"line":10,"column":30},"end":{"line":19,"column":1}}]},"5":{"type":"branch","line":13,"loc":{"start":{"line":13,"column":30},"end":{"line":15,"column":11}},"locations":[{"start":{"line":13,"column":30},"end":{"line":15,"column":11}}]},"6":{"type":"branch","line":15,"loc":{"start":{"line":15,"column":4},"end":{"line":17,"column":5}},"locations":[{"start":{"line":15,"column":4},"end":{"line":17,"column":5}}]},"7":{"type":"branch","line":22,"loc":{"start":{"line":22,"column":19},"end":{"line":27,"column":1}},"locations":[{"start":{"line":22,"column":19},"end":{"line":27,"column":1}}]},"8":{"type":"branch","line":23,"loc":{"start":{"line":23,"column":31},"end":{"line":23,"column":73}},"locations":[{"start":{"line":23,"column":31},"end":{"line":23,"column":73}}]},"9":{"type":"branch","line":29,"loc":{"start":{"line":29,"column":26},"end":{"line":118,"column":1}},"locations":[{"start":{"line":29,"column":26},"end":{"line":118,"column":1}}]}},"b":{"0":[9],"1":[8],"2":[8],"3":[1],"4":[8],"5":[2],"6":[6],"7":[3],"8":[6],"9":[1]},"fnMap":{"0":{"name":"decimalFormatter","decl":{"start":{"line":3,"column":32},"end":{"line":8,"column":1}},"loc":{"start":{"line":3,"column":32},"end":{"line":8,"column":1}},"line":3},"1":{"name":"removeDecimals","decl":{"start":{"line":10,"column":30},"end":{"line":19,"column":1}},"loc":{"start":{"line":10,"column":30},"end":{"line":19,"column":1}},"line":10},"2":{"name":"sum","decl":{"start":{"line":22,"column":19},"end":{"line":27,"column":1}},"loc":{"start":{"line":22,"column":19},"end":{"line":27,"column":1}},"line":22},"3":{"name":"getButtons","decl":{"start":{"line":29,"column":26},"end":{"line":118,"column":1}},"loc":{"start":{"line":29,"column":26},"end":{"line":118,"column":1}},"line":29},"4":{"name":"getFunctionButtons","decl":{"start":{"line":120,"column":34},"end":{"line":124,"column":1}},"loc":{"start":{"line":120,"column":34},"end":{"line":124,"column":1}},"line":120},"5":{"name":"isFunctionButton","decl":{"start":{"line":126,"column":32},"end":{"line":129,"column":1}},"loc":{"start":{"line":126,"column":32},"end":{"line":129,"column":1}},"line":126}},"f":{"0":9,"1":8,"2":3,"3":1,"4":0,"5":0}}
,"/Users/mac/Documents/assessment/equalx/src/utils/themes/index.tsx": {"path":"/Users/mac/Documents/assessment/equalx/src/utils/themes/index.tsx","all":false,"statementMap":{"0":{"start":{"line":1,"column":0},"end":{"line":1,"column":51}}},"s":{"0":1},"branchMap":{},"b":{},"fnMap":{},"f":{}}
,"/Users/mac/Documents/assessment/equalx/src/utils/themes/lightTheme.tsx": {"path":"/Users/mac/Documents/assessment/equalx/src/utils/themes/lightTheme.tsx","all":false,"statementMap":{"0":{"start":{"line":1,"column":0},"end":{"line":1,"column":49}},"1":{"start":{"line":2,"column":0},"end":{"line":2,"column":0}},"2":{"start":{"line":3,"column":0},"end":{"line":3,"column":34}},"3":{"start":{"line":4,"column":0},"end":{"line":4,"column":11}},"4":{"start":{"line":5,"column":0},"end":{"line":5,"column":23}},"5":{"start":{"line":6,"column":0},"end":{"line":6,"column":25}},"6":{"start":{"line":7,"column":0},"end":{"line":7,"column":24}},"7":{"start":{"line":8,"column":0},"end":{"line":8,"column":14}},"8":{"start":{"line":9,"column":0},"end":{"line":9,"column":23}},"9":{"start":{"line":10,"column":0},"end":{"line":10,"column":21}},"10":{"start":{"line":11,"column":0},"end":{"line":11,"column":6}},"11":{"start":{"line":12,"column":0},"end":{"line":12,"column":3}},"12":{"start":{"line":13,"column":0},"end":{"line":13,"column":1}},"13":{"start":{"line":14,"column":0},"end":{"line":14,"column":0}},"14":{"start":{"line":15,"column":0},"end":{"line":15,"column":26}}},"s":{"0":1,"1":1,"2":1,"3":1,"4":1,"5":1,"6":1,"7":1,"8":1,"9":1,"10":1,"11":1,"12":1,"13":1,"14":1},"branchMap":{},"b":{},"fnMap":{},"f":{}}
}
